<?xml version="1.0" encoding="UTF-8" standalone="no"?>
<testsuite failures="0" name="cucumber.runtime.formatter.JUnitFormatter" skipped="0" tests="2" time="17.788932">
    <testcase classname="Free CRM login feature" name="Free CRM login test scenario" time="11.202259">
        <system-out>
            <![CDATA[Given user is already in login page.........................................passed
When title of login page is FreeCRM.........................................passed
Then user enters username and user enters password..........................passed
Then user click on login button.............................................passed
Then user is on homepage....................................................passed
Then close the browser......................................................passed
]]>
        </system-out>
    </testcase>
    <testcase classname="Free CRM login feature" name="Free CRM login test scenario" time="6.586673">
        <system-out>
            <![CDATA[Given user is already in login page.........................................passed
When title of login page is FreeCRM.........................................passed
Then user enters username and user enters password..........................passed
Then user click on login button.............................................passed
Then user is on homepage....................................................passed
Then close the browser......................................................passed
]]>
        </system-out>
    </testcase>
</testsuite>
